#
# There is insufficient memory for the Java Runtime Environment to continue.
# Native memory allocation (mmap) failed to map 266338304 bytes for G1 virtual space
# Possible reasons:
#   The system is out of physical RAM or swap space
#   The process is running with CompressedOops enabled, and the Java Heap may be blocking the growth of the native heap
# Possible solutions:
#   Reduce memory load on the system
#   Increase physical memory or swap space
#   Check if swap backing store is full
#   Decrease Java heap size (-Xmx/-Xms)
#   Decrease number of Java threads
#   Decrease Java thread stack sizes (-Xss)
#   Set larger code cache with -XX:ReservedCodeCacheSize=
#   JVM is running with Zero Based Compressed Oops mode in which the Java heap is
#     placed in the first 32GB address space. The Java Heap base address is the
#     maximum limit for the native heap growth. Please use -XX:HeapBaseMinAddress
#     to set the Java Heap base and to place the Java Heap above 32GB virtual address.
# This output file may be truncated or incomplete.
#
#  Out of Memory Error (os_windows.cpp:3617), pid=9364, tid=15784
#
# JRE version:  (17.0.8.1+1) (build )
# Java VM: OpenJDK 64-Bit Server VM (17.0.8.1+1, mixed mode, sharing, tiered, compressed oops, compressed class ptrs, g1 gc, windows-amd64)
# No core dump will be written. Minidumps are not enabled by default on client versions of Windows
#

---------------  S U M M A R Y ------------

Command Line: -XX:+ShowCodeDetailsInExceptionMessages ImageDisplay

Host: Intel(R) Core(TM) i5-9300H CPU @ 2.40GHz, 8 cores, 15G,  Windows 11 , 64 bit Build 22621 (10.0.22621.2215)
Time: Fri Oct  6 18:05:59 2023 Pacific Daylight Time elapsed time: 0.027630 seconds (0d 0h 0m 0s)

---------------  T H R E A D  ---------------

Current thread (0x000002122d114cd0):  JavaThread "Unknown thread" [_thread_in_vm, id=15784, stack(0x000000d509700000,0x000000d509800000)]

Stack: [0x000000d509700000,0x000000d509800000]
Native frames: (J=compiled Java code, j=interpreted, Vv=VM code, C=native code)
V  [jvm.dll+0x678b0a]
V  [jvm.dll+0x835e84]
V  [jvm.dll+0x83762e]
V  [jvm.dll+0x837c93]
V  [jvm.dll+0x24746f]
V  [jvm.dll+0x675859]
V  [jvm.dll+0x66a0ea]
V  [jvm.dll+0x306c7b]
V  [jvm.dll+0x30e166]
V  [jvm.dll+0x35dd3e]
V  [jvm.dll+0x35df6f]
V  [jvm.dll+0x2ddb48]
V  [jvm.dll+0x2deab4]
V  [jvm.dll+0x807f31]
V  [jvm.dll+0x36bb21]
V  [jvm.dll+0x7e733c]
V  [jvm.dll+0x3ee4af]
V  [jvm.dll+0x3f00c1]
C  [jli.dll+0x528b]
C  [ucrtbase.dll+0x29363]
C  [KERNEL32.DLL+0x1257d]
C  [ntdll.dll+0x5aa68]


---------------  P R O C E S S  ---------------

Threads class SMR info:
_java_thread_list=0x00007ffcf2e8a018, length=0, elements={
}

Java Threads: ( => current thread )

Other Threads:
  0x000002122d180850 GCTaskThread "GC Thread#0" [stack: 0x000000d509800000,0x000000d509900000] [id=29428]
  0x000002122d191530 ConcurrentGCThread "G1 Main Marker" [stack: 0x000000d509900000,0x000000d509a00000] [id=32228]
  0x000002122d191f40 ConcurrentGCThread "G1 Conc#0" [stack: 0x000000d509a00000,0x000000d509b00000] [id=30252]

[error occurred during error reporting (printing all threads), id 0xc0000005, EXCEPTION_ACCESS_VIOLATION (0xc0000005) at pc=0x00007ffcf265e587]

VM state: not at safepoint (not fully initialized)

VM Mutex/Monitor currently owned by a thread:  ([mutex/lock_event])
[0x000002122d10e440] Heap_lock - owner thread: 0x000002122d114cd0

Heap address: 0x0000000702600000, size: 4058 MB, Compressed Oops mode: Zero based, Oop shift amount: 3

CDS archive(s) mapped at: [0x0000000000000000-0x0000000000000000-0x0000000000000000), size 0, SharedBaseAddress: 0x0000000800000000, ArchiveRelocationMode: 1.
Narrow klass base: 0x0000000000000000, Narrow klass shift: 0, Narrow klass range: 0x0

GC Precious Log:
<Empty>

Heap:
 garbage-first heap   total 0K, used 0K [0x0000000702600000, 0x0000000800000000)
  region size 2048K, 0 young (0K), 0 survivors (0K)

[error occurred during error reporting (printing heap information), id 0xc0000005, EXCEPTION_ACCESS_VIOLATION (0xc0000005) at pc=0x00007ffcf2a42699]

GC Heap History (0 events):
No events

Dll operation events (1 events):
Event: 0.008 Loaded shared library C:\Users\smits\AppData\Local\Programs\Eclipse Adoptium\jdk-17.0.8.101-hotspot\bin\java.dll

Deoptimization events (0 events):
No events

Classes unloaded (0 events):
No events

Classes redefined (0 events):
No events

Internal exceptions (0 events):
No events

VM Operations (0 events):
No events

Events (0 events):
No events


Dynamic libraries:
0x00007ff7b47d0000 - 0x00007ff7b47de000 	C:\Users\smits\AppData\Local\Programs\Eclipse Adoptium\jdk-17.0.8.101-hotspot\bin\java.exe
0x00007ffd591f0000 - 0x00007ffd59404000 	C:\WINDOWS\SYSTEM32\ntdll.dll
0x00007ffd58720000 - 0x00007ffd587e4000 	C:\WINDOWS\System32\KERNEL32.DLL
0x00007ffd568c0000 - 0x00007ffd56c64000 	C:\WINDOWS\System32\KERNELBASE.dll
0x00007ffd56de0000 - 0x00007ffd56ef1000 	C:\WINDOWS\System32\ucrtbase.dll
0x00007ffd462e0000 - 0x00007ffd462f7000 	C:\Users\smits\AppData\Local\Programs\Eclipse Adoptium\jdk-17.0.8.101-hotspot\bin\jli.dll
0x00007ffd46330000 - 0x00007ffd46349000 	C:\Users\smits\AppData\Local\Programs\Eclipse Adoptium\jdk-17.0.8.101-hotspot\bin\VCRUNTIME140.dll
0x00007ffd58f30000 - 0x00007ffd590de000 	C:\WINDOWS\System32\USER32.dll
0x00007ffd35ed0000 - 0x00007ffd36163000 	C:\WINDOWS\WinSxS\amd64_microsoft.windows.common-controls_6595b64144ccf1df_6.0.22621.2215_none_270d72677387dfc3\COMCTL32.dll
0x00007ffd57d00000 - 0x00007ffd57da7000 	C:\WINDOWS\System32\msvcrt.dll
0x00007ffd56610000 - 0x00007ffd56636000 	C:\WINDOWS\System32\win32u.dll
0x00007ffd577b0000 - 0x00007ffd577d9000 	C:\WINDOWS\System32\GDI32.dll
0x00007ffd566e0000 - 0x00007ffd567f8000 	C:\WINDOWS\System32\gdi32full.dll
0x00007ffd56640000 - 0x00007ffd566da000 	C:\WINDOWS\System32\msvcp_win.dll
0x00007ffd58d90000 - 0x00007ffd58dc1000 	C:\WINDOWS\System32\IMM32.DLL
0x00007ffd4dbc0000 - 0x00007ffd4dbcc000 	C:\Users\smits\AppData\Local\Programs\Eclipse Adoptium\jdk-17.0.8.101-hotspot\bin\vcruntime140_1.dll
0x00007ffd0a4e0000 - 0x00007ffd0a571000 	C:\Users\smits\AppData\Local\Programs\Eclipse Adoptium\jdk-17.0.8.101-hotspot\bin\msvcp140.dll
0x00007ffcf2370000 - 0x00007ffcf2fbc000 	C:\Users\smits\AppData\Local\Programs\Eclipse Adoptium\jdk-17.0.8.101-hotspot\bin\server\jvm.dll
0x00007ffd57c50000 - 0x00007ffd57d00000 	C:\WINDOWS\System32\ADVAPI32.dll
0x00007ffd590e0000 - 0x00007ffd59186000 	C:\WINDOWS\System32\sechost.dll
0x00007ffd578e0000 - 0x00007ffd579f7000 	C:\WINDOWS\System32\RPCRT4.dll
0x00007ffd32910000 - 0x00007ffd32919000 	C:\WINDOWS\SYSTEM32\WSOCK32.dll
0x00007ffd55450000 - 0x00007ffd5549d000 	C:\WINDOWS\SYSTEM32\POWRPROF.dll
0x00007ffd58450000 - 0x00007ffd584c1000 	C:\WINDOWS\System32\WS2_32.dll
0x00007ffd4c680000 - 0x00007ffd4c68a000 	C:\WINDOWS\SYSTEM32\VERSION.dll
0x00007ffd4e5c0000 - 0x00007ffd4e5f4000 	C:\WINDOWS\SYSTEM32\WINMM.dll
0x00007ffd55430000 - 0x00007ffd55443000 	C:\WINDOWS\SYSTEM32\UMPDC.dll
0x00007ffd55690000 - 0x00007ffd556a8000 	C:\WINDOWS\SYSTEM32\kernel.appcore.dll
0x00007ffd42fb0000 - 0x00007ffd42fba000 	C:\Users\smits\AppData\Local\Programs\Eclipse Adoptium\jdk-17.0.8.101-hotspot\bin\jimage.dll
0x00007ffd53760000 - 0x00007ffd5398e000 	C:\WINDOWS\SYSTEM32\DBGHELP.DLL
0x00007ffd589b0000 - 0x00007ffd58d3a000 	C:\WINDOWS\System32\combase.dll
0x00007ffd584d0000 - 0x00007ffd585a7000 	C:\WINDOWS\System32\OLEAUT32.dll
0x00007ffd30860000 - 0x00007ffd30892000 	C:\WINDOWS\SYSTEM32\dbgcore.DLL
0x00007ffd56f00000 - 0x00007ffd56f7a000 	C:\WINDOWS\System32\bcryptPrimitives.dll
0x00007ffd3c530000 - 0x00007ffd3c555000 	C:\Users\smits\AppData\Local\Programs\Eclipse Adoptium\jdk-17.0.8.101-hotspot\bin\java.dll

dbghelp: loaded successfully - version: 4.0.5 - missing functions: none
symbol engine: initialized successfully - sym options: 0x614 - pdb path: .;C:\Users\smits\AppData\Local\Programs\Eclipse Adoptium\jdk-17.0.8.101-hotspot\bin;C:\WINDOWS\SYSTEM32;C:\WINDOWS\WinSxS\amd64_microsoft.windows.common-controls_6595b64144ccf1df_6.0.22621.2215_none_270d72677387dfc3;C:\Users\smits\AppData\Local\Programs\Eclipse Adoptium\jdk-17.0.8.101-hotspot\bin\server

VM Arguments:
jvm_args: -XX:+ShowCodeDetailsInExceptionMessages 
java_command: ImageDisplay
java_class_path (initial): C:\Users\smits\AppData\Roaming\Code\User\workspaceStorage\8f60a4e34a5170a352f147e73f4b9010\redhat.java\jdt_ws\Assignment_2_4adf9e3e\bin;c:\Program Files\jfreechart-1.5.4.jar
Launcher Type: SUN_STANDARD

[Global flags]
     intx CICompilerCount                          = 4                                         {product} {ergonomic}
     uint ConcGCThreads                            = 2                                         {product} {ergonomic}
     uint G1ConcRefinementThreads                  = 8                                         {product} {ergonomic}
   size_t G1HeapRegionSize                         = 2097152                                   {product} {ergonomic}
    uintx GCDrainStackTargetSize                   = 64                                        {product} {ergonomic}
   size_t InitialHeapSize                          = 266338304                                 {product} {ergonomic}
   size_t MarkStackSize                            = 4194304                                   {product} {ergonomic}
   size_t MaxHeapSize                              = 4255121408                                {product} {ergonomic}
   size_t MinHeapDeltaBytes                        = 2097152                                   {product} {ergonomic}
   size_t MinHeapSize                              = 8388608                                   {product} {ergonomic}
    uintx NonNMethodCodeHeapSize                   = 5839372                                {pd product} {ergonomic}
    uintx NonProfiledCodeHeapSize                  = 122909434                              {pd product} {ergonomic}
    uintx ProfiledCodeHeapSize                     = 122909434                              {pd product} {ergonomic}
    uintx ReservedCodeCacheSize                    = 251658240                              {pd product} {ergonomic}
     bool SegmentedCodeCache                       = true                                      {product} {ergonomic}
     bool ShowCodeDetailsInExceptionMessages       = true                                   {manageable} {command line}
   size_t SoftMaxHeapSize                          = 4255121408                             {manageable} {ergonomic}
     bool UseCompressedClassPointers               = true                           {product lp64_product} {ergonomic}
     bool UseCompressedOops                        = true                           {product lp64_product} {ergonomic}
     bool UseG1GC                                  = true                                      {product} {ergonomic}
     bool UseLargePagesIndividualAllocation        = false                                  {pd product} {ergonomic}

Logging:
Log output configuration:
 #0: stdout all=warning uptime,level,tags
 #1: stderr all=off uptime,level,tags

Environment Variables:
JAVA_HOME=C:\Users\smits\AppData\Local\Programs\Eclipse Adoptium\jdk-17.0.8.101-hotspot\
PATH=C:\Program Files (x86)\Razer Chroma SDK\bin;C:\Program Files\Razer Chroma SDK\bin;C:\Program Files (x86)\Razer\ChromaBroadcast\bin;C:\Program Files\Razer\ChromaBroadcast\bin;C:\windows\system32;C:\windows;C:\windows\System32\Wbem;C:\windows\System32\WindowsPowerShell\v1.0\;C:\windows\System32\OpenSSH\;C:\Program Files (x86)\NVIDIA Corporation\PhysX\Common;C:\Program Files\NVIDIA Corporation\NVIDIA NvDLISR;C:\WINDOWS\system32;C:\WINDOWS;C:\WINDOWS\System32\Wbem;C:\WINDOWS\System32\WindowsPowerShell\v1.0\;C:\WINDOWS\System32\OpenSSH\;C:\WINDOWS\system32\config\systemprofile\AppData\Local\Microsoft\WindowsApps;C:\Program Files\dotnet\;C:\WINDOWS\system32;C:\WINDOWS;C:\WINDOWS\System32\Wbem;C:\WINDOWS\System32\WindowsPowerShell\v1.0\;C:\WINDOWS\System32\OpenSSH\;C:\Program Files\nodejs\;C:\Program Files\nodejs;C:\Users\smits\AppData\Roaming\Programs\Python\Python310;C:\Users\smits\AppData\Roaming\Programs\Python\Python311\Scripts;C:\Users\smits\AppData\Local\Microsoft\WindowsApps;C:\Users\smits\AppData\Local\Programs\Microsoft VS Code\bin;C:\Users\smits\AppData\Local\GitHubDesktop\bin;C:\Users\smits\AppData\Roaming\npm;C:\Program Files\apache-maven-3.9.4\bin;C:\Program Files\jfreechart-1.0.1\lib\jcommon-1.0.0.jar;C:\Program Files\jfreechart-1.0.1\lib\jfreechart-1.0.1.jar;C:\Program Files\Java\jdk-11\bin;C:\Users\smits\AppData\Local\Programs\Python\Python310;
USERNAME=smits
LANG=en_US.UTF-8
OS=Windows_NT
PROCESSOR_IDENTIFIER=Intel64 Family 6 Model 158 Stepping 10, GenuineIntel
TMP=C:\Users\smits\AppData\Local\Temp
TEMP=C:\Users\smits\AppData\Local\Temp



---------------  S Y S T E M  ---------------

OS:
 Windows 11 , 64 bit Build 22621 (10.0.22621.2215)
OS uptime: 7 days 14:01 hours

CPU: total 8 (initial active 8) (4 cores per cpu, 2 threads per core) family 6 model 158 stepping 10 microcode 0xde, cx8, cmov, fxsr, ht, mmx, 3dnowpref, sse, sse2, sse3, ssse3, sse4.1, sse4.2, popcnt, lzcnt, tsc, tscinvbit, avx, avx2, aes, erms, clmul, bmi1, bmi2, adx, fma, vzeroupper, clflush, clflushopt
Processor Information for all 8 processors :
  Max Mhz: 2400, Current Mhz: 2400, Mhz Limit: 2400

Memory: 4k page, system-wide physical 16225M (5177M free)
TotalPageFile size 30161M (AvailPageFile size 228M)
current process WorkingSet (physical memory assigned to process): 11M, peak: 11M
current process commit charge ("private bytes"): 60M, peak: 314M

vm_info: OpenJDK 64-Bit Server VM (17.0.8.1+1) for windows-amd64 JRE (17.0.8.1+1), built on Aug 23 2023 15:29:17 by "admin" with MS VC++ 16.7 (VS2019)

END.
